<?xml version="1.0" encoding="UTF-8"?>
<testsuite name="Yo como administrador" tests="1" skipped="0" failures="0" errors="0" timestamp="2022-12-13T01:45:29" hostname="CHBOGH6YJFL3" time="19.069">
  <properties/>
  <testcase name="Crear un nuevo contacto" classname="Yo como administrador" time="19.069"/>
  <system-out><![CDATA[]]></system-out>
  <system-err><![CDATA[dic 12, 2022 8:45:30 PM org.openqa.selenium.remote.DesiredCapabilities chrome
INFORMACIÓN: Using `new ChromeOptions()` is preferred to `DesiredCapabilities.chrome()`
[Test worker] INFO net.serenitybdd.core.webdriver.driverproviders.ProvideNewDriver - Instantiating driver
[Test worker] INFO net.serenitybdd.core.webdriver.driverproviders.ProvideNewDriver - Driver capabilities: Capabilities {acceptInsecureCerts: false, browserName: chrome, chrome.switches: --start-maximized, --ignore..., goog:chromeOptions: {args: [--start-maximized, --ignore-certificate-errors, --disable-translate, --always-authorize-plugins, --disable-extensions, --disable-popup-blocking, --lang=es, --disable-download-notifica..., --test-type, --allow-running-insecure-co...], extensions: []}, loggingPrefs: org.openqa.selenium.logging..., platform: ANY, supportsAlerts: false, version: }
Starting ChromeDriver 108.0.5359.71 (1e0e3868ee06e91ad636a874420e3ca3ae3756ac-refs/branch-heads/5359@{#1016}) on port 30695
Only local connections are allowed.
Please see https://chromedriver.chromium.org/security-considerations for suggestions on keeping ChromeDriver safe.
ChromeDriver was started successfully.
dic 12, 2022 8:45:32 PM org.openqa.selenium.remote.ProtocolHandshake createSession
INFORMACIÓN: Detected dialect: W3C
[Test worker] INFO net.thucydides.core.steps.ConsoleLoggingListener - ?[92m
        __    _____ _____ ____ _____   ____   _    ____  ____  _____ ____  
  _     \ \  |_   _| ____/ ___|_   _| |  _ \ / \  / ___|/ ___|| ____|  _ \ 
 (_)_____| |   | | |  _| \___ \ | |   | |_) / _ \ \___ \\___ \|  _| | | | |
  _|_____| |   | | | |___ ___) || |   |  __/ ___ \ ___) |___) | |___| |_| |
 (_)     | |   |_| |_____|____/ |_|   |_| /_/   \_\____/|____/|_____|____/ 
        /_/                                                                

TEST PASSED: Crear un nuevo contacto
----------------------------------------------------------------------------?[0m
]]></system-err>
</testsuite>
